# JRE version: OpenJDK Runtime Environment Temurin-17.0.11+9 (17.0.11+9) (build 17.0.11+9)
# Java VM: OpenJDK 64-Bit Server VM Temurin-17.0.11+9 (17.0.11+9, mixed mode, tiered, compressed oops, compressed class ptrs, parallel gc, windows-amd64)
GC Precious Log:
 CPUs: 8 total, 8 available
 Memory: 32717M
 Large Page Support: Disabled
 NUMA Support: Disabled
 Compressed Oops: Enabled (32-bit)
 Alignments: Space 512K, Generation 512K, Heap 2M
 Heap Min Capacity: 100M
 Heap Initial Capacity: 100M
 Heap Max Capacity: 1G
 Pre-touch: Disabled
 Parallel Workers: 8
Heap:
 PSYoungGen      total 16896K, used 6357K [0x00000000eab00000, 0x00000000ec200000, 0x0000000100000000)
  eden space 15360K, 31% used [0x00000000eab00000,0x00000000eafb9608,0x00000000eba00000)
  from space 1536K, 98% used [0x00000000ebb00000,0x00000000ebc7c180,0x00000000ebc80000)
  to   space 4096K, 0% used [0x00000000ebe00000,0x00000000ebe00000,0x00000000ec200000)
 ParOldGen       total 68608K, used 57967K [0x00000000c0000000, 0x00000000c4300000, 0x00000000eab00000)
  object space 68608K, 84% used [0x00000000c0000000,0x00000000c389bd70,0x00000000c4300000)
 Metaspace       used 78604K, committed 79936K, reserved 1179648K
  class space    used 9511K, committed 10112K, reserved 1048576K
GC Heap History (20 events):
Event: 109.627 GC heap before
{Heap before GC invocations=62 (full 3):
 PSYoungGen      total 15872K, used 15872K [0x00000000eab00000, 0x00000000ec080000, 0x0000000100000000)
  eden space 15360K, 100% used [0x00000000eab00000,0x00000000eba00000,0x00000000eba00000)
  from space 512K, 100% used [0x00000000ec000000,0x00000000ec080000,0x00000000ec080000)
  to   space 1536K, 0% used [0x00000000ebd80000,0x00000000ebd80000,0x00000000ebf00000)
 ParOldGen       total 68608K, used 41758K [0x00000000c0000000, 0x00000000c4300000, 0x00000000eab00000)
  object space 68608K, 60% used [0x00000000c0000000,0x00000000c28c79a8,0x00000000c4300000)
 Metaspace       used 71735K, committed 72896K, reserved 1114112K
  class space    used 8734K, committed 9216K, reserved 1048576K
}
Event: 109.629 GC heap after
{Heap after GC invocations=62 (full 3):
 PSYoungGen      total 16896K, used 608K [0x00000000eab00000, 0x00000000ec080000, 0x0000000100000000)
  eden space 15360K, 0% used [0x00000000eab00000,0x00000000eab00000,0x00000000eba00000)
  from space 1536K, 39% used [0x00000000ebd80000,0x00000000ebe18000,0x00000000ebf00000)
  to   space 1024K, 0% used [0x00000000ebf80000,0x00000000ebf80000,0x00000000ec080000)
 ParOldGen       total 68608K, used 42238K [0x00000000c0000000, 0x00000000c4300000, 0x00000000eab00000)
  object space 68608K, 61% used [0x00000000c0000000,0x00000000c293f9a8,0x00000000c4300000)
 Metaspace       used 71735K, committed 72896K, reserved 1114112K
  class space    used 8734K, committed 9216K, reserved 1048576K
}
Event: 110.905 GC heap before
{Heap before GC invocations=63 (full 3):
 PSYoungGen      total 16896K, used 15354K [0x00000000eab00000, 0x00000000ec080000, 0x0000000100000000)
  eden space 15360K, 96% used [0x00000000eab00000,0x00000000eb9668d8,0x00000000eba00000)
  from space 1536K, 39% used [0x00000000ebd80000,0x00000000ebe18000,0x00000000ebf00000)
  to   space 1024K, 0% used [0x00000000ebf80000,0x00000000ebf80000,0x00000000ec080000)
 ParOldGen       total 68608K, used 42238K [0x00000000c0000000, 0x00000000c4300000, 0x00000000eab00000)
  object space 68608K, 61% used [0x00000000c0000000,0x00000000c293f9a8,0x00000000c4300000)
 Metaspace       used 72463K, committed 73664K, reserved 1114112K
  class space    used 8824K, committed 9344K, reserved 1048576K
}
Event: 110.907 GC heap after
{Heap after GC invocations=63 (full 3):
 PSYoungGen      total 16384K, used 992K [0x00000000eab00000, 0x00000000ec080000, 0x0000000100000000)
  eden space 15360K, 0% used [0x00000000eab00000,0x00000000eab00000,0x00000000eba00000)
  from space 1024K, 96% used [0x00000000ebf80000,0x00000000ec078010,0x00000000ec080000)
  to   space 2048K, 0% used [0x00000000ebc80000,0x00000000ebc80000,0x00000000ebe80000)
 ParOldGen       total 68608K, used 42788K [0x00000000c0000000, 0x00000000c4300000, 0x00000000eab00000)
  object space 68608K, 62% used [0x00000000c0000000,0x00000000c29c91c8,0x00000000c4300000)
 Metaspace       used 72463K, committed 73664K, reserved 1114112K
  class space    used 8824K, committed 9344K, reserved 1048576K
}
Event: 111.150 GC heap before
{Heap before GC invocations=64 (full 3):
 PSYoungGen      total 16384K, used 16352K [0x00000000eab00000, 0x00000000ec080000, 0x0000000100000000)
  eden space 15360K, 100% used [0x00000000eab00000,0x00000000eba00000,0x00000000eba00000)
  from space 1024K, 96% used [0x00000000ebf80000,0x00000000ec078010,0x00000000ec080000)
  to   space 2048K, 0% used [0x00000000ebc80000,0x00000000ebc80000,0x00000000ebe80000)
 ParOldGen       total 68608K, used 42788K [0x00000000c0000000, 0x00000000c4300000, 0x00000000eab00000)
  object space 68608K, 62% used [0x00000000c0000000,0x00000000c29c91c8,0x00000000c4300000)
 Metaspace       used 73813K, committed 75008K, reserved 1179648K
  class space    used 8973K, committed 9536K, reserved 1048576K
}
Event: 111.152 GC heap after
{Heap after GC invocations=64 (full 3):
 PSYoungGen      total 17408K, used 1861K [0x00000000eab00000, 0x00000000ec000000, 0x0000000100000000)
  eden space 15360K, 0% used [0x00000000eab00000,0x00000000eab00000,0x00000000eba00000)
  from space 2048K, 90% used [0x00000000ebc80000,0x00000000ebe514f8,0x00000000ebe80000)
  to   space 1536K, 0% used [0x00000000ebe80000,0x00000000ebe80000,0x00000000ec000000)
 ParOldGen       total 68608K, used 43764K [0x00000000c0000000, 0x00000000c4300000, 0x00000000eab00000)
  object space 68608K, 63% used [0x00000000c0000000,0x00000000c2abd1f8,0x00000000c4300000)
 Metaspace       used 73813K, committed 75008K, reserved 1179648K
  class space    used 8973K, committed 9536K, reserved 1048576K
}
Event: 111.319 GC heap before
{Heap before GC invocations=65 (full 3):
 PSYoungGen      total 17408K, used 17220K [0x00000000eab00000, 0x00000000ec000000, 0x0000000100000000)
  eden space 15360K, 99% used [0x00000000eab00000,0x00000000eb9ffe40,0x00000000eba00000)
  from space 2048K, 90% used [0x00000000ebc80000,0x00000000ebe514f8,0x00000000ebe80000)
  to   space 1536K, 0% used [0x00000000ebe80000,0x00000000ebe80000,0x00000000ec000000)
 ParOldGen       total 68608K, used 43764K [0x00000000c0000000, 0x00000000c4300000, 0x00000000eab00000)
  object space 68608K, 63% used [0x00000000c0000000,0x00000000c2abd1f8,0x00000000c4300000)
 Metaspace       used 74785K, committed 76096K, reserved 1179648K
  class space    used 9084K, committed 9664K, reserved 1048576K
}
Event: 111.321 GC heap after
{Heap after GC invocations=65 (full 3):
 PSYoungGen      total 16896K, used 1210K [0x00000000eab00000, 0x00000000ec000000, 0x0000000100000000)
  eden space 15360K, 0% used [0x00000000eab00000,0x00000000eab00000,0x00000000eba00000)
  from space 1536K, 78% used [0x00000000ebe80000,0x00000000ebfae830,0x00000000ec000000)
  to   space 1536K, 0% used [0x00000000ebd00000,0x00000000ebd00000,0x00000000ebe80000)
 ParOldGen       total 68608K, used 45466K [0x00000000c0000000, 0x00000000c4300000, 0x00000000eab00000)
  object space 68608K, 66% used [0x00000000c0000000,0x00000000c2c66a18,0x00000000c4300000)
 Metaspace       used 74785K, committed 76096K, reserved 1179648K
  class space    used 9084K, committed 9664K, reserved 1048576K
}
Event: 111.438 GC heap before
{Heap before GC invocations=66 (full 3):
 PSYoungGen      total 16896K, used 16570K [0x00000000eab00000, 0x00000000ec000000, 0x0000000100000000)
  eden space 15360K, 100% used [0x00000000eab00000,0x00000000eba00000,0x00000000eba00000)
  from space 1536K, 78% used [0x00000000ebe80000,0x00000000ebfae830,0x00000000ec000000)
  to   space 1536K, 0% used [0x00000000ebd00000,0x00000000ebd00000,0x00000000ebe80000)
 ParOldGen       total 68608K, used 45466K [0x00000000c0000000, 0x00000000c4300000, 0x00000000eab00000)
  object space 68608K, 66% used [0x00000000c0000000,0x00000000c2c66a18,0x00000000c4300000)
 Metaspace       used 75058K, committed 76352K, reserved 1179648K
  class space    used 9116K, committed 9728K, reserved 1048576K
}
Event: 111.441 GC heap after
{Heap after GC invocations=66 (full 3):
 PSYoungGen      total 16896K, used 1504K [0x00000000eab00000, 0x00000000ec000000, 0x0000000100000000)
  eden space 15360K, 0% used [0x00000000eab00000,0x00000000eab00000,0x00000000eba00000)
  from space 1536K, 97% used [0x00000000ebd00000,0x00000000ebe78010,0x00000000ebe80000)
  to   space 1536K, 0% used [0x00000000ebe80000,0x00000000ebe80000,0x00000000ec000000)
 ParOldGen       total 68608K, used 46626K [0x00000000c0000000, 0x00000000c4300000, 0x00000000eab00000)
  object space 68608K, 67% used [0x00000000c0000000,0x00000000c2d88a58,0x00000000c4300000)
 Metaspace       used 75058K, committed 76352K, reserved 1179648K
  class space    used 9116K, committed 9728K, reserved 1048576K
}
Event: 111.556 GC heap before
{Heap before GC invocations=67 (full 3):
 PSYoungGen      total 16896K, used 16864K [0x00000000eab00000, 0x00000000ec000000, 0x0000000100000000)
  eden space 15360K, 100% used [0x00000000eab00000,0x00000000eba00000,0x00000000eba00000)
  from space 1536K, 97% used [0x00000000ebd00000,0x00000000ebe78010,0x00000000ebe80000)
  to   space 1536K, 0% used [0x00000000ebe80000,0x00000000ebe80000,0x00000000ec000000)
 ParOldGen       total 68608K, used 46626K [0x00000000c0000000, 0x00000000c4300000, 0x00000000eab00000)
  object space 68608K, 67% used [0x00000000c0000000,0x00000000c2d88a58,0x00000000c4300000)
 Metaspace       used 75155K, committed 76416K, reserved 1179648K
  class space    used 9118K, committed 9728K, reserved 1048576K
}
Event: 111.558 GC heap after
{Heap after GC invocations=67 (full 3):
 PSYoungGen      total 16896K, used 1524K [0x00000000eab00000, 0x00000000ec100000, 0x0000000100000000)
  eden space 15360K, 0% used [0x00000000eab00000,0x00000000eab00000,0x00000000eba00000)
  from space 1536K, 99% used [0x00000000ebe80000,0x00000000ebffd370,0x00000000ec000000)
  to   space 3584K, 0% used [0x00000000eba00000,0x00000000eba00000,0x00000000ebd80000)
 ParOldGen       total 68608K, used 48198K [0x00000000c0000000, 0x00000000c4300000, 0x00000000eab00000)
  object space 68608K, 70% used [0x00000000c0000000,0x00000000c2f119a8,0x00000000c4300000)
 Metaspace       used 75155K, committed 76416K, reserved 1179648K
  class space    used 9118K, committed 9728K, reserved 1048576K
}
Event: 112.235 GC heap before
{Heap before GC invocations=68 (full 3):
 PSYoungGen      total 16896K, used 16884K [0x00000000eab00000, 0x00000000ec100000, 0x0000000100000000)
  eden space 15360K, 100% used [0x00000000eab00000,0x00000000eba00000,0x00000000eba00000)
  from space 1536K, 99% used [0x00000000ebe80000,0x00000000ebffd370,0x00000000ec000000)
  to   space 3584K, 0% used [0x00000000eba00000,0x00000000eba00000,0x00000000ebd80000)
 ParOldGen       total 68608K, used 48198K [0x00000000c0000000, 0x00000000c4300000, 0x00000000eab00000)
  object space 68608K, 70% used [0x00000000c0000000,0x00000000c2f119a8,0x00000000c4300000)
 Metaspace       used 75294K, committed 76544K, reserved 1179648K
  class space    used 9134K, committed 9728K, reserved 1048576K
}
Event: 112.237 GC heap after
{Heap after GC invocations=68 (full 3):
 PSYoungGen      total 17408K, used 1769K [0x00000000eab00000, 0x00000000ebf00000, 0x0000000100000000)
  eden space 15360K, 0% used [0x00000000eab00000,0x00000000eab00000,0x00000000eba00000)
  from space 2048K, 86% used [0x00000000eba00000,0x00000000ebbba790,0x00000000ebc00000)
  to   space 2560K, 0% used [0x00000000ebc80000,0x00000000ebc80000,0x00000000ebf00000)
 ParOldGen       total 68608K, used 49686K [0x00000000c0000000, 0x00000000c4300000, 0x00000000eab00000)
  object space 68608K, 72% used [0x00000000c0000000,0x00000000c3085a70,0x00000000c4300000)
 Metaspace       used 75294K, committed 76544K, reserved 1179648K
  class space    used 9134K, committed 9728K, reserved 1048576K
}
Event: 112.399 GC heap before
{Heap before GC invocations=69 (full 3):
 PSYoungGen      total 17408K, used 17129K [0x00000000eab00000, 0x00000000ebf00000, 0x0000000100000000)
  eden space 15360K, 100% used [0x00000000eab00000,0x00000000eba00000,0x00000000eba00000)
  from space 2048K, 86% used [0x00000000eba00000,0x00000000ebbba790,0x00000000ebc00000)
  to   space 2560K, 0% used [0x00000000ebc80000,0x00000000ebc80000,0x00000000ebf00000)
 ParOldGen       total 68608K, used 49686K [0x00000000c0000000, 0x00000000c4300000, 0x00000000eab00000)
  object space 68608K, 72% used [0x00000000c0000000,0x00000000c3085a70,0x00000000c4300000)
 Metaspace       used 76578K, committed 77824K, reserved 1179648K
  class space    used 9297K, committed 9856K, reserved 1048576K
}
Event: 112.401 GC heap after
{Heap after GC invocations=69 (full 3):
 PSYoungGen      total 17408K, used 1771K [0x00000000eab00000, 0x00000000ebe80000, 0x0000000100000000)
  eden space 15360K, 0% used [0x00000000eab00000,0x00000000eab00000,0x00000000eba00000)
  from space 2048K, 86% used [0x00000000ebc80000,0x00000000ebe3ad88,0x00000000ebe80000)
  to   space 2048K, 0% used [0x00000000eba00000,0x00000000eba00000,0x00000000ebc00000)
 ParOldGen       total 68608K, used 51034K [0x00000000c0000000, 0x00000000c4300000, 0x00000000eab00000)
  object space 68608K, 74% used [0x00000000c0000000,0x00000000c31d6bf0,0x00000000c4300000)
 Metaspace       used 76578K, committed 77824K, reserved 1179648K
  class space    used 9297K, committed 9856K, reserved 1048576K
}
Event: 112.513 GC heap before
{Heap before GC invocations=70 (full 3):
 PSYoungGen      total 17408K, used 17131K [0x00000000eab00000, 0x00000000ebe80000, 0x0000000100000000)
  eden space 15360K, 100% used [0x00000000eab00000,0x00000000eba00000,0x00000000eba00000)
  from space 2048K, 86% used [0x00000000ebc80000,0x00000000ebe3ad88,0x00000000ebe80000)
  to   space 2048K, 0% used [0x00000000eba00000,0x00000000eba00000,0x00000000ebc00000)
 ParOldGen       total 68608K, used 51034K [0x00000000c0000000, 0x00000000c4300000, 0x00000000eab00000)
  object space 68608K, 74% used [0x00000000c0000000,0x00000000c31d6bf0,0x00000000c4300000)
 Metaspace       used 77202K, committed 78528K, reserved 1179648K
  class space    used 9356K, committed 9920K, reserved 1048576K
}
Event: 112.516 GC heap after
{Heap after GC invocations=70 (full 3):
 PSYoungGen      total 17408K, used 2031K [0x00000000eab00000, 0x00000000ec300000, 0x0000000100000000)
  eden space 15360K, 0% used [0x00000000eab00000,0x00000000eab00000,0x00000000eba00000)
  from space 2048K, 99% used [0x00000000eba00000,0x00000000ebbfbf60,0x00000000ebc00000)
  to   space 4608K, 0% used [0x00000000ebe80000,0x00000000ebe80000,0x00000000ec300000)
 ParOldGen       total 68608K, used 53021K [0x00000000c0000000, 0x00000000c4300000, 0x00000000eab00000)
  object space 68608K, 77% used [0x00000000c0000000,0x00000000c33c7618,0x00000000c4300000)
 Metaspace       used 77202K, committed 78528K, reserved 1179648K
  class space    used 9356K, committed 9920K, reserved 1048576K
}
Event: 112.613 GC heap before
{Heap before GC invocations=71 (full 3):
 PSYoungGen      total 17408K, used 17391K [0x00000000eab00000, 0x00000000ec300000, 0x0000000100000000)
  eden space 15360K, 100% used [0x00000000eab00000,0x00000000eba00000,0x00000000eba00000)
  from space 2048K, 99% used [0x00000000eba00000,0x00000000ebbfbf60,0x00000000ebc00000)
  to   space 4608K, 0% used [0x00000000ebe80000,0x00000000ebe80000,0x00000000ec300000)
 ParOldGen       total 68608K, used 53021K [0x00000000c0000000, 0x00000000c4300000, 0x00000000eab00000)
  object space 68608K, 77% used [0x00000000c0000000,0x00000000c33c7618,0x00000000c4300000)
 Metaspace       used 77225K, committed 78528K, reserved 1179648K
  class space    used 9356K, committed 9920K, reserved 1048576K
}
Event: 112.616 GC heap after
{Heap after GC invocations=71 (full 3):
 PSYoungGen      total 16896K, used 1506K [0x00000000eab00000, 0x00000000ec000000, 0x0000000100000000)
  eden space 15360K, 0% used [0x00000000eab00000,0x00000000eab00000,0x00000000eba00000)
  from space 1536K, 98% used [0x00000000ebe80000,0x00000000ebff8870,0x00000000ec000000)
  to   space 2560K, 0% used [0x00000000ebb00000,0x00000000ebb00000,0x00000000ebd80000)
 ParOldGen       total 68608K, used 55072K [0x00000000c0000000, 0x00000000c4300000, 0x00000000eab00000)
  object space 68608K, 80% used [0x00000000c0000000,0x00000000c35c8098,0x00000000c4300000)
 Metaspace       used 77225K, committed 78528K, reserved 1179648K
  class space    used 9356K, committed 9920K, reserved 1048576K
}

