# JRE version: OpenJDK Runtime Environment Temurin-17.0.11+9 (17.0.11+9) (build 17.0.11+9)
# Java VM: OpenJDK 64-Bit Server VM Temurin-17.0.11+9 (17.0.11+9, mixed mode, tiered, compressed oops, compressed class ptrs, g1 gc, windows-amd64)
GC Precious Log:
 CPUs: 8 total, 8 available
 Memory: 32717M
 Large Page Support: Disabled
 NUMA Support: Disabled
 Compressed Oops: Enabled (32-bit)
 Heap Region Size: 1M
 Heap Min Capacity: 256M
 Heap Initial Capacity: 256M
 Heap Max Capacity: 512M
 Pre-touch: Disabled
 Parallel Workers: 8
 Concurrent Workers: 2
 Concurrent Refinement Workers: 8
 Periodic GC: Disabled
Heap:
 garbage-first heap   total 262144K, used 78747K [0x00000000e0000000, 0x0000000100000000)
  region size 1024K, 22 young (22528K), 15 survivors (15360K)
 Metaspace       used 79095K, committed 79808K, reserved 344064K
  class space    used 10270K, committed 10624K, reserved 212992K
GC Heap History (20 events):
Event: 11.783 GC heap before
{Heap before GC invocations=9 (full 0):
 garbage-first heap   total 262144K, used 114273K [0x00000000e0000000, 0x0000000100000000)
  region size 1024K, 78 young (79872K), 9 survivors (9216K)
 Metaspace       used 59926K, committed 60416K, reserved 278528K
  class space    used 7995K, committed 8256K, reserved 212992K
}
Event: 11.791 GC heap after
{Heap after GC invocations=10 (full 0):
 garbage-first heap   total 262144K, used 47363K [0x00000000e0000000, 0x0000000100000000)
  region size 1024K, 13 young (13312K), 13 survivors (13312K)
 Metaspace       used 59926K, committed 60416K, reserved 278528K
  class space    used 7995K, committed 8256K, reserved 212992K
}
Event: 32.359 GC heap before
{Heap before GC invocations=11 (full 0):
 garbage-first heap   total 262144K, used 189699K [0x00000000e0000000, 0x0000000100000000)
  region size 1024K, 153 young (156672K), 13 survivors (13312K)
 Metaspace       used 63964K, committed 64448K, reserved 278528K
  class space    used 8378K, committed 8640K, reserved 212992K
}
Event: 32.369 GC heap after
{Heap after GC invocations=12 (full 0):
 garbage-first heap   total 262144K, used 51564K [0x00000000e0000000, 0x0000000100000000)
  region size 1024K, 9 young (9216K), 9 survivors (9216K)
 Metaspace       used 63964K, committed 64448K, reserved 278528K
  class space    used 8378K, committed 8640K, reserved 212992K
}
Event: 32.734 GC heap before
{Heap before GC invocations=13 (full 0):
 garbage-first heap   total 262144K, used 199020K [0x00000000e0000000, 0x0000000100000000)
  region size 1024K, 153 young (156672K), 9 survivors (9216K)
 Metaspace       used 64028K, committed 64576K, reserved 278528K
  class space    used 8381K, committed 8640K, reserved 212992K
}
Event: 32.740 GC heap after
{Heap after GC invocations=14 (full 0):
 garbage-first heap   total 262144K, used 51405K [0x00000000e0000000, 0x0000000100000000)
  region size 1024K, 9 young (9216K), 9 survivors (9216K)
 Metaspace       used 64028K, committed 64576K, reserved 278528K
  class space    used 8381K, committed 8640K, reserved 212992K
}
Event: 33.076 GC heap before
{Heap before GC invocations=14 (full 0):
 garbage-first heap   total 262144K, used 198861K [0x00000000e0000000, 0x0000000100000000)
  region size 1024K, 153 young (156672K), 9 survivors (9216K)
 Metaspace       used 64035K, committed 64576K, reserved 278528K
  class space    used 8381K, committed 8640K, reserved 212992K
}
Event: 33.081 GC heap after
{Heap after GC invocations=15 (full 0):
 garbage-first heap   total 262144K, used 50332K [0x00000000e0000000, 0x0000000100000000)
  region size 1024K, 8 young (8192K), 8 survivors (8192K)
 Metaspace       used 64035K, committed 64576K, reserved 278528K
  class space    used 8381K, committed 8640K, reserved 212992K
}
Event: 35.230 GC heap before
{Heap before GC invocations=15 (full 0):
 garbage-first heap   total 262144K, used 197788K [0x00000000e0000000, 0x0000000100000000)
  region size 1024K, 153 young (156672K), 8 survivors (8192K)
 Metaspace       used 68027K, committed 68672K, reserved 278528K
  class space    used 9018K, committed 9344K, reserved 212992K
}
Event: 35.237 GC heap after
{Heap after GC invocations=16 (full 0):
 garbage-first heap   total 262144K, used 51840K [0x00000000e0000000, 0x0000000100000000)
  region size 1024K, 10 young (10240K), 10 survivors (10240K)
 Metaspace       used 68027K, committed 68672K, reserved 278528K
  class space    used 9018K, committed 9344K, reserved 212992K
}
Event: 40.026 GC heap before
{Heap before GC invocations=16 (full 0):
 garbage-first heap   total 262144K, used 197248K [0x00000000e0000000, 0x0000000100000000)
  region size 1024K, 153 young (156672K), 10 survivors (10240K)
 Metaspace       used 72559K, committed 73216K, reserved 278528K
  class space    used 9520K, committed 9856K, reserved 212992K
}
Event: 40.037 GC heap after
{Heap after GC invocations=17 (full 0):
 garbage-first heap   total 262144K, used 60545K [0x00000000e0000000, 0x0000000100000000)
  region size 1024K, 18 young (18432K), 18 survivors (18432K)
 Metaspace       used 72559K, committed 73216K, reserved 278528K
  class space    used 9520K, committed 9856K, reserved 212992K
}
Event: 41.695 GC heap before
{Heap before GC invocations=17 (full 0):
 garbage-first heap   total 262144K, used 197761K [0x00000000e0000000, 0x0000000100000000)
  region size 1024K, 153 young (156672K), 18 survivors (18432K)
 Metaspace       used 72749K, committed 73408K, reserved 278528K
  class space    used 9520K, committed 9856K, reserved 212992K
}
Event: 41.706 GC heap after
{Heap after GC invocations=18 (full 0):
 garbage-first heap   total 262144K, used 65071K [0x00000000e0000000, 0x0000000100000000)
  region size 1024K, 14 young (14336K), 14 survivors (14336K)
 Metaspace       used 72749K, committed 73408K, reserved 278528K
  class space    used 9520K, committed 9856K, reserved 212992K
}
Event: 43.863 GC heap before
{Heap before GC invocations=18 (full 0):
 garbage-first heap   total 262144K, used 206383K [0x00000000e0000000, 0x0000000100000000)
  region size 1024K, 153 young (156672K), 14 survivors (14336K)
 Metaspace       used 73095K, committed 73792K, reserved 278528K
  class space    used 9525K, committed 9856K, reserved 212992K
}
Event: 43.869 GC heap after
{Heap after GC invocations=19 (full 0):
 garbage-first heap   total 262144K, used 63441K [0x00000000e0000000, 0x0000000100000000)
  region size 1024K, 6 young (6144K), 6 survivors (6144K)
 Metaspace       used 73095K, committed 73792K, reserved 278528K
  class space    used 9525K, committed 9856K, reserved 212992K
}
Event: 48.239 GC heap before
{Heap before GC invocations=19 (full 0):
 garbage-first heap   total 262144K, used 213969K [0x00000000e0000000, 0x0000000100000000)
  region size 1024K, 153 young (156672K), 6 survivors (6144K)
 Metaspace       used 73529K, committed 74176K, reserved 278528K
  class space    used 9544K, committed 9856K, reserved 212992K
}
Event: 48.245 GC heap after
{Heap after GC invocations=20 (full 0):
 garbage-first heap   total 262144K, used 65396K [0x00000000e0000000, 0x0000000100000000)
  region size 1024K, 8 young (8192K), 8 survivors (8192K)
 Metaspace       used 73529K, committed 74176K, reserved 278528K
  class space    used 9544K, committed 9856K, reserved 212992K
}
Event: 57.748 GC heap before
{Heap before GC invocations=20 (full 0):
 garbage-first heap   total 262144K, used 212852K [0x00000000e0000000, 0x0000000100000000)
  region size 1024K, 153 young (156672K), 8 survivors (8192K)
 Metaspace       used 74719K, committed 75392K, reserved 344064K
  class space    used 9607K, committed 9920K, reserved 212992K
}
Event: 57.754 GC heap after
{Heap after GC invocations=21 (full 0):
 garbage-first heap   total 262144K, used 68122K [0x00000000e0000000, 0x0000000100000000)
  region size 1024K, 11 young (11264K), 11 survivors (11264K)
 Metaspace       used 74719K, committed 75392K, reserved 344064K
  class space    used 9607K, committed 9920K, reserved 212992K
}

